<?xml version="1.0" encoding="UTF-8"?>
<!-- Generated by org.testng.reporters.JUnitReportReporter -->
<testsuite hostname="DESKTOP-UQE22GG" failures="0" tests="1" name="testCases.TC04_Validate_FooterSection_BrokenLinks" time="35.298" errors="0" timestamp="2025-07-04T15:17:41 IST" skipped="0">
  <testcase classname="testCases.TC04_Validate_FooterSection_BrokenLinks" name="testBrokenLinksInFooterSection" time="35.298"/>
</testsuite> <!-- testCases.TC04_Validate_FooterSection_BrokenLinks -->
