<?xml version="1.0" encoding="UTF-8"?>
<!-- Generated by org.testng.reporters.JUnitReportReporter -->
<testsuite hostname="DESKTOP-UQE22GG" failures="0" tests="1" name="testCases.TC02_Schedule_Demo_Form_Test" time="19.681" errors="0" timestamp="2025-07-04T15:17:41 IST" skipped="0">
  <testcase classname="testCases.TC02_Schedule_Demo_Form_Test" name="testScheduleDemoForm" time="19.681"/>
</testsuite> <!-- testCases.TC02_Schedule_Demo_Form_Test -->
