<?xml version="1.0" encoding="UTF-8"?>
<!-- Generated by org.testng.reporters.JUnitReportReporter -->
<testsuite hostname="DESKTOP-UQE22GG" failures="0" tests="1" name="testCases.TC03_Navigate_To_BillPay_Section" time="29.442" errors="0" timestamp="2025-07-04T15:17:41 IST" skipped="0">
  <testcase classname="testCases.TC03_Navigate_To_BillPay_Section" name="checkPresenceOfBillPaySection" time="29.442"/>
</testsuite> <!-- testCases.TC03_Navigate_To_BillPay_Section -->
