<?xml version="1.0" encoding="UTF-8"?>
<!-- Generated by org.testng.reporters.JUnitReportReporter -->
<testsuite hostname="DESKTOP-UQE22GG" failures="0" tests="1" name="testCases.TC03_Navigate_To_BillPay_Section" time="47.711" errors="0" timestamp="2025-07-04T16:21:12 IST" skipped="0">
  <testcase classname="testCases.TC03_Navigate_To_BillPay_Section" name="checkPresenceOfBillPaySection" time="47.711"/>
</testsuite> <!-- testCases.TC03_Navigate_To_BillPay_Section -->
