<?xml version="1.0" encoding="UTF-8"?>
<!-- Generated by org.testng.reporters.JUnitReportReporter -->
<testsuite hostname="DESKTOP-UQE22GG" failures="0" tests="1" name="testCases.TC01_HomePage_Load_Test" time="26.078" errors="0" timestamp="2025-07-04T16:21:12 IST" skipped="0">
  <testcase classname="testCases.TC01_HomePage_Load_Test" name="checkPresenceOfHomepage" time="26.078"/>
</testsuite> <!-- testCases.TC01_HomePage_Load_Test -->
