<?xml version="1.0" encoding="UTF-8"?>
<!-- Generated by org.testng.reporters.JUnitReportReporter -->
<testsuite hostname="DESKTOP-UQE22GG" failures="0" tests="1" name="testCases.TC02_Schedule_Demo_Form_Test" time="33.886" errors="0" timestamp="2025-07-04T16:21:12 IST" skipped="0">
  <testcase classname="testCases.TC02_Schedule_Demo_Form_Test" name="testScheduleDemoForm" time="33.886"/>
</testsuite> <!-- testCases.TC02_Schedule_Demo_Form_Test -->
