<?xml version="1.0" encoding="UTF-8"?>
<!-- Generated by org.testng.reporters.JUnitReportReporter -->
<testsuite hostname="DESKTOP-UQE22GG" failures="0" tests="1" name="testCases.TC04_Validate_FooterSection_BrokenLinks" time="34.120" errors="0" timestamp="2025-07-04T16:21:12 IST" skipped="0">
  <testcase classname="testCases.TC04_Validate_FooterSection_BrokenLinks" name="testBrokenLinksInFooterSection" time="34.120"/>
</testsuite> <!-- testCases.TC04_Validate_FooterSection_BrokenLinks -->
